app/build/intermediates/manifest_merge_blame_file/debug/processDebugMainManifest/manifest-merger-blame-debug-report.txt
1<?xml version="1.0" encoding="utf-8"?>
2<manifest xmlns:android="http://schemas.android.com/apk/res/android"
3    package="com.pankaj.habitflow.debug"
4    android:versionCode="1"
5    android:versionName="1.0.0" >
6
7    <uses-sdk
8        android:minSdkVersion="26"
9        android:targetSdkVersion="35" />
10
11    <!-- Permissions -->
12    <uses-permission android:name="android.permission.POST_NOTIFICATIONS" />
12-->src\main\AndroidManifest.xml:6:5-77
12-->src\main\AndroidManifest.xml:6:22-74
13    <uses-permission android:name="android.permission.SCHEDULE_EXACT_ALARM" />
13-->src\main\AndroidManifest.xml:7:5-79
13-->src\main\AndroidManifest.xml:7:22-76
14    <uses-permission android:name="android.permission.USE_EXACT_ALARM" />
14-->src\main\AndroidManifest.xml:8:5-74
14-->src\main\AndroidManifest.xml:8:22-71
15    <uses-permission android:name="android.permission.RECEIVE_BOOT_COMPLETED" />
15-->src\main\AndroidManifest.xml:9:5-81
15-->src\main\AndroidManifest.xml:9:22-78
16    <uses-permission android:name="android.permission.VIBRATE" />
16-->src\main\AndroidManifest.xml:10:5-66
16-->src\main\AndroidManifest.xml:10:22-63
17    <uses-permission android:name="android.permission.WAKE_LOCK" />
17-->src\main\AndroidManifest.xml:11:5-68
17-->src\main\AndroidManifest.xml:11:22-65
18    <uses-permission android:name="android.permission.ACCESS_NETWORK_STATE" />
18-->[androidx.work:work-runtime:2.10.0] AndroidManifest.xml:24:5-79
18-->[androidx.work:work-runtime:2.10.0] AndroidManifest.xml:24:22-76
19    <uses-permission android:name="android.permission.FOREGROUND_SERVICE" />
19-->[androidx.work:work-runtime:2.10.0] AndroidManifest.xml:26:5-77
19-->[androidx.work:work-runtime:2.10.0] AndroidManifest.xml:26:22-74
20
21    <permission
21-->[androidx.core:core:1.15.0] AndroidManifest.xml:22:5-24:47
22        android:name="com.pankaj.habitflow.debug.DYNAMIC_RECEIVER_NOT_EXPORTED_PERMISSION"
22-->[androidx.core:core:1.15.0] AndroidManifest.xml:23:9-81
23        android:protectionLevel="signature" />
23-->[androidx.core:core:1.15.0] AndroidManifest.xml:24:9-44
24
25    <uses-permission android:name="com.pankaj.habitflow.debug.DYNAMIC_RECEIVER_NOT_EXPORTED_PERMISSION" />
25-->[androidx.core:core:1.15.0] AndroidManifest.xml:26:5-97
25-->[androidx.core:core:1.15.0] AndroidManifest.xml:26:22-94
26
27    <application
27-->src\main\AndroidManifest.xml:13:5-47:19
28        android:name="com.pankaj.habitflow.HabitFlowApp"
28-->src\main\AndroidManifest.xml:14:9-37
29        android:allowBackup="true"
29-->src\main\AndroidManifest.xml:15:9-35
30        android:appComponentFactory="androidx.core.app.CoreComponentFactory"
30-->[androidx.core:core:1.15.0] AndroidManifest.xml:28:18-86
31        android:debuggable="true"
32        android:extractNativeLibs="false"
33        android:icon="@mipmap/ic_launcher"
33-->src\main\AndroidManifest.xml:16:9-43
34        android:label="@string/app_name"
34-->src\main\AndroidManifest.xml:17:9-41
35        android:roundIcon="@mipmap/ic_launcher_round"
35-->src\main\AndroidManifest.xml:18:9-54
36        android:supportsRtl="true"
36-->src\main\AndroidManifest.xml:19:9-35
37        android:testOnly="true"
38        android:theme="@style/Theme.HabitFlow" >
38-->src\main\AndroidManifest.xml:20:9-47
39        <activity
39-->src\main\AndroidManifest.xml:23:9-31:20
40            android:name="com.pankaj.habitflow.MainActivity"
40-->src\main\AndroidManifest.xml:24:13-41
41            android:exported="true"
41-->src\main\AndroidManifest.xml:25:13-36
42            android:theme="@style/Theme.HabitFlow" >
42-->src\main\AndroidManifest.xml:26:13-51
43            <intent-filter>
43-->src\main\AndroidManifest.xml:27:13-30:29
44                <action android:name="android.intent.action.MAIN" />
44-->src\main\AndroidManifest.xml:28:17-69
44-->src\main\AndroidManifest.xml:28:25-66
45
46                <category android:name="android.intent.category.LAUNCHER" />
46-->src\main\AndroidManifest.xml:29:17-77
46-->src\main\AndroidManifest.xml:29:27-74
47            </intent-filter>
48        </activity>
49
50        <!-- Notification Receivers -->
51        <receiver
51-->src\main\AndroidManifest.xml:34:9-36:40
52            android:name="com.pankaj.habitflow.notification.ReminderReceiver"
52-->src\main\AndroidManifest.xml:35:13-58
53            android:exported="false" />
53-->src\main\AndroidManifest.xml:36:13-37
54        <receiver
54-->src\main\AndroidManifest.xml:38:9-45:20
55            android:name="com.pankaj.habitflow.notification.BootReceiver"
55-->src\main\AndroidManifest.xml:39:13-54
56            android:exported="true" >
56-->src\main\AndroidManifest.xml:40:13-36
57            <intent-filter>
57-->src\main\AndroidManifest.xml:41:13-44:29
58                <action android:name="android.intent.action.BOOT_COMPLETED" />
58-->src\main\AndroidManifest.xml:42:17-79
58-->src\main\AndroidManifest.xml:42:25-76
59                <action android:name="android.intent.action.MY_PACKAGE_REPLACED" />
59-->src\main\AndroidManifest.xml:43:17-84
59-->src\main\AndroidManifest.xml:43:25-81
60            </intent-filter>
61        </receiver>
62
63        <activity
63-->[androidx.compose.ui:ui-tooling-android:1.7.6] AndroidManifest.xml:23:9-25:39
64            android:name="androidx.compose.ui.tooling.PreviewActivity"
64-->[androidx.compose.ui:ui-tooling-android:1.7.6] AndroidManifest.xml:24:13-71
65            android:exported="true" />
65-->[androidx.compose.ui:ui-tooling-android:1.7.6] AndroidManifest.xml:25:13-36
66
67        <provider
67-->[androidx.work:work-runtime:2.10.0] AndroidManifest.xml:29:9-37:20
68            android:name="androidx.startup.InitializationProvider"
68-->[androidx.work:work-runtime:2.10.0] AndroidManifest.xml:30:13-67
69            android:authorities="com.pankaj.habitflow.debug.androidx-startup"
69-->[androidx.work:work-runtime:2.10.0] AndroidManifest.xml:31:13-68
70            android:exported="false" >
70-->[androidx.work:work-runtime:2.10.0] AndroidManifest.xml:32:13-37
71            <meta-data
71-->[androidx.work:work-runtime:2.10.0] AndroidManifest.xml:34:13-36:52
72                android:name="androidx.work.WorkManagerInitializer"
72-->[androidx.work:work-runtime:2.10.0] AndroidManifest.xml:35:17-68
73                android:value="androidx.startup" />
73-->[androidx.work:work-runtime:2.10.0] AndroidManifest.xml:36:17-49
74            <meta-data
74-->[androidx.emoji2:emoji2:1.3.0] AndroidManifest.xml:29:13-31:52
75                android:name="androidx.emoji2.text.EmojiCompatInitializer"
75-->[androidx.emoji2:emoji2:1.3.0] AndroidManifest.xml:30:17-75
76                android:value="androidx.startup" />
76-->[androidx.emoji2:emoji2:1.3.0] AndroidManifest.xml:31:17-49
77            <meta-data
77-->[androidx.lifecycle:lifecycle-process:2.8.7] AndroidManifest.xml:29:13-31:52
78                android:name="androidx.lifecycle.ProcessLifecycleInitializer"
78-->[androidx.lifecycle:lifecycle-process:2.8.7] AndroidManifest.xml:30:17-78
79                android:value="androidx.startup" />
79-->[androidx.lifecycle:lifecycle-process:2.8.7] AndroidManifest.xml:31:17-49
80            <meta-data
80-->[androidx.profileinstaller:profileinstaller:1.3.1] AndroidManifest.xml:29:13-31:52
81                android:name="androidx.profileinstaller.ProfileInstallerInitializer"
81-->[androidx.profileinstaller:profileinstaller:1.3.1] AndroidManifest.xml:30:17-85
82                android:value="androidx.startup" />
82-->[androidx.profileinstaller:profileinstaller:1.3.1] AndroidManifest.xml:31:17-49
83        </provider>
84
85        <service
85-->[androidx.work:work-runtime:2.10.0] AndroidManifest.xml:39:9-45:35
86            android:name="androidx.work.impl.background.systemalarm.SystemAlarmService"
86-->[androidx.work:work-runtime:2.10.0] AndroidManifest.xml:40:13-88
87            android:directBootAware="false"
87-->[androidx.work:work-runtime:2.10.0] AndroidManifest.xml:41:13-44
88            android:enabled="@bool/enable_system_alarm_service_default"
88-->[androidx.work:work-runtime:2.10.0] AndroidManifest.xml:42:13-72
89            android:exported="false" />
89-->[androidx.work:work-runtime:2.10.0] AndroidManifest.xml:43:13-37
90        <service
90-->[androidx.work:work-runtime:2.10.0] AndroidManifest.xml:46:9-52:35
91            android:name="androidx.work.impl.background.systemjob.SystemJobService"
91-->[androidx.work:work-runtime:2.10.0] AndroidManifest.xml:47:13-84
92            android:directBootAware="false"
92-->[androidx.work:work-runtime:2.10.0] AndroidManifest.xml:48:13-44
93            android:enabled="@bool/enable_system_job_service_default"
93-->[androidx.work:work-runtime:2.10.0] AndroidManifest.xml:49:13-70
94            android:exported="true"
94-->[androidx.work:work-runtime:2.10.0] AndroidManifest.xml:50:13-36
95            android:permission="android.permission.BIND_JOB_SERVICE" />
95-->[androidx.work:work-runtime:2.10.0] AndroidManifest.xml:51:13-69
96        <service
96-->[androidx.work:work-runtime:2.10.0] AndroidManifest.xml:53:9-59:35
97            android:name="androidx.work.impl.foreground.SystemForegroundService"
97-->[androidx.work:work-runtime:2.10.0] AndroidManifest.xml:54:13-81
98            android:directBootAware="false"
98-->[androidx.work:work-runtime:2.10.0] AndroidManifest.xml:55:13-44
99            android:enabled="@bool/enable_system_foreground_service_default"
99-->[androidx.work:work-runtime:2.10.0] AndroidManifest.xml:56:13-77
100            android:exported="false" />
100-->[androidx.work:work-runtime:2.10.0] AndroidManifest.xml:57:13-37
101
102        <receiver
102-->[androidx.work:work-runtime:2.10.0] AndroidManifest.xml:61:9-66:35
103            android:name="androidx.work.impl.utils.ForceStopRunnable$BroadcastReceiver"
103-->[androidx.work:work-runtime:2.10.0] AndroidManifest.xml:62:13-88
104            android:directBootAware="false"
104-->[androidx.work:work-runtime:2.10.0] AndroidManifest.xml:63:13-44
105            android:enabled="true"
105-->[androidx.work:work-runtime:2.10.0] AndroidManifest.xml:64:13-35
106            android:exported="false" />
106-->[androidx.work:work-runtime:2.10.0] AndroidManifest.xml:65:13-37
107        <receiver
107-->[androidx.work:work-runtime:2.10.0] AndroidManifest.xml:67:9-77:20
108            android:name="androidx.work.impl.background.systemalarm.ConstraintProxy$BatteryChargingProxy"
108-->[androidx.work:work-runtime:2.10.0] AndroidManifest.xml:68:13-106
109            android:directBootAware="false"
109-->[androidx.work:work-runtime:2.10.0] AndroidManifest.xml:69:13-44
110            android:enabled="false"
110-->[androidx.work:work-runtime:2.10.0] AndroidManifest.xml:70:13-36
111            android:exported="false" >
111-->[androidx.work:work-runtime:2.10.0] AndroidManifest.xml:71:13-37
112            <intent-filter>
112-->[androidx.work:work-runtime:2.10.0] AndroidManifest.xml:73:13-76:29
113                <action android:name="android.intent.action.ACTION_POWER_CONNECTED" />
113-->[androidx.work:work-runtime:2.10.0] AndroidManifest.xml:74:17-87
113-->[androidx.work:work-runtime:2.10.0] AndroidManifest.xml:74:25-84
114                <action android:name="android.intent.action.ACTION_POWER_DISCONNECTED" />
114-->[androidx.work:work-runtime:2.10.0] AndroidManifest.xml:75:17-90
114-->[androidx.work:work-runtime:2.10.0] AndroidManifest.xml:75:25-87
115            </intent-filter>
116        </receiver>
117        <receiver
117-->[androidx.work:work-runtime:2.10.0] AndroidManifest.xml:78:9-88:20
118            android:name="androidx.work.impl.background.systemalarm.ConstraintProxy$BatteryNotLowProxy"
118-->[androidx.work:work-runtime:2.10.0] AndroidManifest.xml:79:13-104
119            android:directBootAware="false"
119-->[androidx.work:work-runtime:2.10.0] AndroidManifest.xml:80:13-44
120            android:enabled="false"
120-->[androidx.work:work-runtime:2.10.0] AndroidManifest.xml:81:13-36
121            android:exported="false" >
121-->[androidx.work:work-runtime:2.10.0] AndroidManifest.xml:82:13-37
122            <intent-filter>
122-->[androidx.work:work-runtime:2.10.0] AndroidManifest.xml:84:13-87:29
123                <action android:name="android.intent.action.BATTERY_OKAY" />
123-->[androidx.work:work-runtime:2.10.0] AndroidManifest.xml:85:17-77
123-->[androidx.work:work-runtime:2.10.0] AndroidManifest.xml:85:25-74
124                <action android:name="android.intent.action.BATTERY_LOW" />
124-->[androidx.work:work-runtime:2.10.0] AndroidManifest.xml:86:17-76
124-->[androidx.work:work-runtime:2.10.0] AndroidManifest.xml:86:25-73
125            </intent-filter>
126        </receiver>
127        <receiver
127-->[androidx.work:work-runtime:2.10.0] AndroidManifest.xml:89:9-99:20
128            android:name="androidx.work.impl.background.systemalarm.ConstraintProxy$StorageNotLowProxy"
128-->[androidx.work:work-runtime:2.10.0] AndroidManifest.xml:90:13-104
129            android:directBootAware="false"
129-->[androidx.work:work-runtime:2.10.0] AndroidManifest.xml:91:13-44
130            android:enabled="false"
130-->[androidx.work:work-runtime:2.10.0] AndroidManifest.xml:92:13-36
131            android:exported="false" >
131-->[androidx.work:work-runtime:2.10.0] AndroidManifest.xml:93:13-37
132            <intent-filter>
132-->[androidx.work:work-runtime:2.10.0] AndroidManifest.xml:95:13-98:29
133                <action android:name="android.intent.action.DEVICE_STORAGE_LOW" />
133-->[androidx.work:work-runtime:2.10.0] AndroidManifest.xml:96:17-83
133-->[androidx.work:work-runtime:2.10.0] AndroidManifest.xml:96:25-80
134                <action android:name="android.intent.action.DEVICE_STORAGE_OK" />
134-->[androidx.work:work-runtime:2.10.0] AndroidManifest.xml:97:17-82
134-->[androidx.work:work-runtime:2.10.0] AndroidManifest.xml:97:25-79
135            </intent-filter>
136        </receiver>
137        <receiver
137-->[androidx.work:work-runtime:2.10.0] AndroidManifest.xml:100:9-109:20
138            android:name="androidx.work.impl.background.systemalarm.ConstraintProxy$NetworkStateProxy"
138-->[androidx.work:work-runtime:2.10.0] AndroidManifest.xml:101:13-103
139            android:directBootAware="false"
139-->[androidx.work:work-runtime:2.10.0] AndroidManifest.xml:102:13-44
140            android:enabled="false"
140-->[androidx.work:work-runtime:2.10.0] AndroidManifest.xml:103:13-36
141            android:exported="false" >
141-->[androidx.work:work-runtime:2.10.0] AndroidManifest.xml:104:13-37
142            <intent-filter>
142-->[androidx.work:work-runtime:2.10.0] AndroidManifest.xml:106:13-108:29
143                <action android:name="android.net.conn.CONNECTIVITY_CHANGE" />
143-->[androidx.work:work-runtime:2.10.0] AndroidManifest.xml:107:17-79
143-->[androidx.work:work-runtime:2.10.0] AndroidManifest.xml:107:25-76
144            </intent-filter>
145        </receiver>
146        <receiver
146-->[androidx.work:work-runtime:2.10.0] AndroidManifest.xml:110:9-121:20
147            android:name="androidx.work.impl.background.systemalarm.RescheduleReceiver"
147-->[androidx.work:work-runtime:2.10.0] AndroidManifest.xml:111:13-88
148            android:directBootAware="false"
148-->[androidx.work:work-runtime:2.10.0] AndroidManifest.xml:112:13-44
149            android:enabled="false"
149-->[androidx.work:work-runtime:2.10.0] AndroidManifest.xml:113:13-36
150            android:exported="false" >
150-->[androidx.work:work-runtime:2.10.0] AndroidManifest.xml:114:13-37
151            <intent-filter>
151-->[androidx.work:work-runtime:2.10.0] AndroidManifest.xml:116:13-120:29
152                <action android:name="android.intent.action.BOOT_COMPLETED" />
152-->src\main\AndroidManifest.xml:42:17-79
152-->src\main\AndroidManifest.xml:42:25-76
153                <action android:name="android.intent.action.TIME_SET" />
153-->[androidx.work:work-runtime:2.10.0] AndroidManifest.xml:118:17-73
153-->[androidx.work:work-runtime:2.10.0] AndroidManifest.xml:118:25-70
154                <action android:name="android.intent.action.TIMEZONE_CHANGED" />
154-->[androidx.work:work-runtime:2.10.0] AndroidManifest.xml:119:17-81
154-->[androidx.work:work-runtime:2.10.0] AndroidManifest.xml:119:25-78
155            </intent-filter>
156        </receiver>
157        <receiver
157-->[androidx.work:work-runtime:2.10.0] AndroidManifest.xml:122:9-131:20
158            android:name="androidx.work.impl.background.systemalarm.ConstraintProxyUpdateReceiver"
158-->[androidx.work:work-runtime:2.10.0] AndroidManifest.xml:123:13-99
159            android:directBootAware="false"
159-->[androidx.work:work-runtime:2.10.0] AndroidManifest.xml:124:13-44
160            android:enabled="@bool/enable_system_alarm_service_default"
160-->[androidx.work:work-runtime:2.10.0] AndroidManifest.xml:125:13-72
161            android:exported="false" >
161-->[androidx.work:work-runtime:2.10.0] AndroidManifest.xml:126:13-37
162            <intent-filter>
162-->[androidx.work:work-runtime:2.10.0] AndroidManifest.xml:128:13-130:29
163                <action android:name="androidx.work.impl.background.systemalarm.UpdateProxies" />
163-->[androidx.work:work-runtime:2.10.0] AndroidManifest.xml:129:17-98
163-->[androidx.work:work-runtime:2.10.0] AndroidManifest.xml:129:25-95
164            </intent-filter>
165        </receiver>
166        <receiver
166-->[androidx.work:work-runtime:2.10.0] AndroidManifest.xml:132:9-142:20
167            android:name="androidx.work.impl.diagnostics.DiagnosticsReceiver"
167-->[androidx.work:work-runtime:2.10.0] AndroidManifest.xml:133:13-78
168            android:directBootAware="false"
168-->[androidx.work:work-runtime:2.10.0] AndroidManifest.xml:134:13-44
169            android:enabled="true"
169-->[androidx.work:work-runtime:2.10.0] AndroidManifest.xml:135:13-35
170            android:exported="true"
170-->[androidx.work:work-runtime:2.10.0] AndroidManifest.xml:136:13-36
171            android:permission="android.permission.DUMP" >
171-->[androidx.work:work-runtime:2.10.0] AndroidManifest.xml:137:13-57
172            <intent-filter>
172-->[androidx.work:work-runtime:2.10.0] AndroidManifest.xml:139:13-141:29
173                <action android:name="androidx.work.diagnostics.REQUEST_DIAGNOSTICS" />
173-->[androidx.work:work-runtime:2.10.0] AndroidManifest.xml:140:17-88
173-->[androidx.work:work-runtime:2.10.0] AndroidManifest.xml:140:25-85
174            </intent-filter>
175        </receiver>
176
177        <service
177-->[androidx.room:room-runtime:2.6.1] AndroidManifest.xml:24:9-28:63
178            android:name="androidx.room.MultiInstanceInvalidationService"
178-->[androidx.room:room-runtime:2.6.1] AndroidManifest.xml:25:13-74
179            android:directBootAware="true"
179-->[androidx.room:room-runtime:2.6.1] AndroidManifest.xml:26:13-43
180            android:exported="false" />
180-->[androidx.room:room-runtime:2.6.1] AndroidManifest.xml:27:13-37
181
182        <receiver
182-->[androidx.profileinstaller:profileinstaller:1.3.1] AndroidManifest.xml:34:9-52:20
183            android:name="androidx.profileinstaller.ProfileInstallReceiver"
183-->[androidx.profileinstaller:profileinstaller:1.3.1] AndroidManifest.xml:35:13-76
184            android:directBootAware="false"
184-->[androidx.profileinstaller:profileinstaller:1.3.1] AndroidManifest.xml:36:13-44
185            android:enabled="true"
185-->[androidx.profileinstaller:profileinstaller:1.3.1] AndroidManifest.xml:37:13-35
186            android:exported="true"
186-->[androidx.profileinstaller:profileinstaller:1.3.1] AndroidManifest.xml:38:13-36
187            android:permission="android.permission.DUMP" >
187-->[androidx.profileinstaller:profileinstaller:1.3.1] AndroidManifest.xml:39:13-57
188            <intent-filter>
188-->[androidx.profileinstaller:profileinstaller:1.3.1] AndroidManifest.xml:40:13-42:29
189                <action android:name="androidx.profileinstaller.action.INSTALL_PROFILE" />
189-->[androidx.profileinstaller:profileinstaller:1.3.1] AndroidManifest.xml:41:17-91
189-->[androidx.profileinstaller:profileinstaller:1.3.1] AndroidManifest.xml:41:25-88
190            </intent-filter>
191            <intent-filter>
191-->[androidx.profileinstaller:profileinstaller:1.3.1] AndroidManifest.xml:43:13-45:29
192                <action android:name="androidx.profileinstaller.action.SKIP_FILE" />
192-->[androidx.profileinstaller:profileinstaller:1.3.1] AndroidManifest.xml:44:17-85
192-->[androidx.profileinstaller:profileinstaller:1.3.1] AndroidManifest.xml:44:25-82
193            </intent-filter>
194            <intent-filter>
194-->[androidx.profileinstaller:profileinstaller:1.3.1] AndroidManifest.xml:46:13-48:29
195                <action android:name="androidx.profileinstaller.action.SAVE_PROFILE" />
195-->[androidx.profileinstaller:profileinstaller:1.3.1] AndroidManifest.xml:47:17-88
195-->[androidx.profileinstaller:profileinstaller:1.3.1] AndroidManifest.xml:47:25-85
196            </intent-filter>
197            <intent-filter>
197-->[androidx.profileinstaller:profileinstaller:1.3.1] AndroidManifest.xml:49:13-51:29
198                <action android:name="androidx.profileinstaller.action.BENCHMARK_OPERATION" />
198-->[androidx.profileinstaller:profileinstaller:1.3.1] AndroidManifest.xml:50:17-95
198-->[androidx.profileinstaller:profileinstaller:1.3.1] AndroidManifest.xml:50:25-92
199            </intent-filter>
200        </receiver>
201    </application>
202
203</manifest>